<?xml version="1.0" encoding="UTF-8"?>
<testsuite name="Test Suite"
           tests="3"
           failures="0"
           errors="0"
           skipped="0"
           time="40.756">
  <properties />
  
  
            <testcase name="verifyUserNavigateToRegisterPageSuccessfully" time="1.662" classname="com.nopcommerce.demo.testsuite.RegistrationTest" />
                <testcase name="VerifyUserSuccessfullyRegister" time="36.405" classname="com.nopcommerce.demo.testsuite.RegistrationTest" />
                <testcase name="verifyErrorMessageWithFirstNameFiledEmpty" time="2.689" classname="com.nopcommerce.demo.testsuite.RegistrationTest" />
      
</testsuite>
