<?xml version="1.0" encoding="UTF-8"?>
<testsuite name="Test Suite"
           tests="3"
           failures="0"
           errors="0"
           skipped="0"
           time="8.711">
  <properties />
  
  
            <testcase name="verifyUserNavigateToDeskTopPageSuccessfully" time="2.673" classname="com.nopcommerce.demo.testsuite.ComputerTest" />
                <testcase name="UserShouldNavigateToNoteBookPageSuccessfully" time="3.110" classname="com.nopcommerce.demo.testsuite.ComputerTest" />
                <testcase name="UserShouldNavigateToSoftWarePageSuccessfully" time="2.928" classname="com.nopcommerce.demo.testsuite.ComputerTest" />
      
</testsuite>
